{"total": {"lines":{"total":3011,"covered":2639,"skipped":0,"pct":87.64},"statements":{"total":3200,"covered":2763,"skipped":0,"pct":86.34},"functions":{"total":528,"covered":435,"skipped":0,"pct":82.38},"branches":{"total":968,"covered":708,"skipped":0,"pct":73.14},"branchesTrue":{"total":0,"covered":0,"skipped":0,"pct":100}}
,"/home/vedric/projets/fullstack/blessp/server/src/app.ts": {"lines":{"total":59,"covered":55,"skipped":0,"pct":93.22},"functions":{"total":10,"covered":8,"skipped":0,"pct":80},"statements":{"total":66,"covered":59,"skipped":0,"pct":89.39},"branches":{"total":21,"covered":16,"skipped":0,"pct":76.19}}
,"/home/vedric/projets/fullstack/blessp/server/src/core/maintenance.ts": {"lines":{"total":49,"covered":31,"skipped":0,"pct":63.26},"functions":{"total":8,"covered":2,"skipped":0,"pct":25},"statements":{"total":56,"covered":32,"skipped":0,"pct":57.14},"branches":{"total":6,"covered":0,"skipped":0,"pct":0}}
,"/home/vedric/projets/fullstack/blessp/server/src/core/cache/cache.service.ts": {"lines":{"total":30,"covered":30,"skipped":0,"pct":100},"functions":{"total":5,"covered":5,"skipped":0,"pct":100},"statements":{"total":35,"covered":35,"skipped":0,"pct":100},"branches":{"total":18,"covered":18,"skipped":0,"pct":100}}
,"/home/vedric/projets/fullstack/blessp/server/src/core/cache/redis.client.ts": {"lines":{"total":28,"covered":9,"skipped":0,"pct":32.14},"functions":{"total":6,"covered":1,"skipped":0,"pct":16.66},"statements":{"total":31,"covered":10,"skipped":0,"pct":32.25},"branches":{"total":7,"covered":2,"skipped":0,"pct":28.57}}
,"/home/vedric/projets/fullstack/blessp/server/src/core/config/env.ts": {"lines":{"total":29,"covered":29,"skipped":0,"pct":100},"functions":{"total":3,"covered":3,"skipped":0,"pct":100},"statements":{"total":33,"covered":33,"skipped":0,"pct":100},"branches":{"total":21,"covered":21,"skipped":0,"pct":100}}
,"/home/vedric/projets/fullstack/blessp/server/src/core/database/client.ts": {"lines":{"total":11,"covered":11,"skipped":0,"pct":100},"functions":{"total":2,"covered":2,"skipped":0,"pct":100},"statements":{"total":11,"covered":11,"skipped":0,"pct":100},"branches":{"total":4,"covered":3,"skipped":0,"pct":75}}
,"/home/vedric/projets/fullstack/blessp/server/src/core/database/transaction.ts": {"lines":{"total":9,"covered":9,"skipped":0,"pct":100},"functions":{"total":2,"covered":2,"skipped":0,"pct":100},"statements":{"total":11,"covered":11,"skipped":0,"pct":100},"branches":{"total":4,"covered":2,"skipped":0,"pct":50}}
,"/home/vedric/projets/fullstack/blessp/server/src/core/email/email.service.ts": {"lines":{"total":29,"covered":28,"skipped":0,"pct":96.55},"functions":{"total":4,"covered":4,"skipped":0,"pct":100},"statements":{"total":29,"covered":28,"skipped":0,"pct":96.55},"branches":{"total":16,"covered":13,"skipped":0,"pct":81.25}}
,"/home/vedric/projets/fullstack/blessp/server/src/core/email/html.ts": {"lines":{"total":2,"covered":2,"skipped":0,"pct":100},"functions":{"total":2,"covered":2,"skipped":0,"pct":100},"statements":{"total":3,"covered":3,"skipped":0,"pct":100},"branches":{"total":2,"covered":2,"skipped":0,"pct":100}}
,"/home/vedric/projets/fullstack/blessp/server/src/core/email/outbox.ts": {"lines":{"total":14,"covered":14,"skipped":0,"pct":100},"functions":{"total":2,"covered":2,"skipped":0,"pct":100},"statements":{"total":14,"covered":14,"skipped":0,"pct":100},"branches":{"total":1,"covered":1,"skipped":0,"pct":100}}
,"/home/vedric/projets/fullstack/blessp/server/src/core/errors/app.error.ts": {"lines":{"total":6,"covered":6,"skipped":0,"pct":100},"functions":{"total":1,"covered":1,"skipped":0,"pct":100},"statements":{"total":6,"covered":6,"skipped":0,"pct":100},"branches":{"total":0,"covered":0,"skipped":0,"pct":100}}
,"/home/vedric/projets/fullstack/blessp/server/src/core/errors/domain.errors.ts": {"lines":{"total":17,"covered":8,"skipped":0,"pct":47.05},"functions":{"total":4,"covered":1,"skipped":0,"pct":25},"statements":{"total":17,"covered":8,"skipped":0,"pct":47.05},"branches":{"total":1,"covered":0,"skipped":0,"pct":0}}
,"/home/vedric/projets/fullstack/blessp/server/src/core/errors/http.errors.ts": {"lines":{"total":26,"covered":23,"skipped":0,"pct":88.46},"functions":{"total":6,"covered":5,"skipped":0,"pct":83.33},"statements":{"total":26,"covered":23,"skipped":0,"pct":88.46},"branches":{"total":4,"covered":1,"skipped":0,"pct":25}}
,"/home/vedric/projets/fullstack/blessp/server/src/core/middleware/authenticate.ts": {"lines":{"total":19,"covered":18,"skipped":0,"pct":94.73},"functions":{"total":1,"covered":1,"skipped":0,"pct":100},"statements":{"total":19,"covered":18,"skipped":0,"pct":94.73},"branches":{"total":8,"covered":7,"skipped":0,"pct":87.5}}
,"/home/vedric/projets/fullstack/blessp/server/src/core/middleware/authorize.ts": {"lines":{"total":10,"covered":8,"skipped":0,"pct":80},"functions":{"total":1,"covered":1,"skipped":0,"pct":100},"statements":{"total":10,"covered":8,"skipped":0,"pct":80},"branches":{"total":2,"covered":1,"skipped":0,"pct":50}}
,"/home/vedric/projets/fullstack/blessp/server/src/core/middleware/error.handler.ts": {"lines":{"total":33,"covered":31,"skipped":0,"pct":93.93},"functions":{"total":1,"covered":1,"skipped":0,"pct":100},"statements":{"total":33,"covered":31,"skipped":0,"pct":93.93},"branches":{"total":24,"covered":17,"skipped":0,"pct":70.83}}
,"/home/vedric/projets/fullstack/blessp/server/src/core/middleware/metrics.middleware.ts": {"lines":{"total":16,"covered":16,"skipped":0,"pct":100},"functions":{"total":3,"covered":3,"skipped":0,"pct":100},"statements":{"total":16,"covered":16,"skipped":0,"pct":100},"branches":{"total":5,"covered":4,"skipped":0,"pct":80}}
,"/home/vedric/projets/fullstack/blessp/server/src/core/middleware/rate.limit.ts": {"lines":{"total":33,"covered":12,"skipped":0,"pct":36.36},"functions":{"total":9,"covered":1,"skipped":0,"pct":11.11},"statements":{"total":39,"covered":13,"skipped":0,"pct":33.33},"branches":{"total":17,"covered":3,"skipped":0,"pct":17.64}}
,"/home/vedric/projets/fullstack/blessp/server/src/core/middleware/request.id.ts": {"lines":{"total":6,"covered":6,"skipped":0,"pct":100},"functions":{"total":1,"covered":1,"skipped":0,"pct":100},"statements":{"total":6,"covered":6,"skipped":0,"pct":100},"branches":{"total":2,"covered":2,"skipped":0,"pct":100}}
,"/home/vedric/projets/fullstack/blessp/server/src/core/middleware/security.headers.ts": {"lines":{"total":5,"covered":5,"skipped":0,"pct":100},"functions":{"total":2,"covered":2,"skipped":0,"pct":100},"statements":{"total":6,"covered":6,"skipped":0,"pct":100},"branches":{"total":2,"covered":2,"skipped":0,"pct":100}}
,"/home/vedric/projets/fullstack/blessp/server/src/core/middleware/validate.ts": {"lines":{"total":13,"covered":0,"skipped":0,"pct":0},"functions":{"total":5,"covered":0,"skipped":0,"pct":0},"statements":{"total":13,"covered":0,"skipped":0,"pct":0},"branches":{"total":1,"covered":0,"skipped":0,"pct":0}}
,"/home/vedric/projets/fullstack/blessp/server/src/core/observability/logger.ts": {"lines":{"total":9,"covered":7,"skipped":0,"pct":77.77},"functions":{"total":1,"covered":1,"skipped":0,"pct":100},"statements":{"total":9,"covered":7,"skipped":0,"pct":77.77},"branches":{"total":11,"covered":8,"skipped":0,"pct":72.72}}
,"/home/vedric/projets/fullstack/blessp/server/src/core/observability/metrics.ts": {"lines":{"total":9,"covered":9,"skipped":0,"pct":100},"functions":{"total":0,"covered":0,"skipped":0,"pct":100},"statements":{"total":9,"covered":9,"skipped":0,"pct":100},"branches":{"total":0,"covered":0,"skipped":0,"pct":100}}
,"/home/vedric/projets/fullstack/blessp/server/src/core/observability/tracer.ts": {"lines":{"total":22,"covered":12,"skipped":0,"pct":54.54},"functions":{"total":3,"covered":0,"skipped":0,"pct":0},"statements":{"total":23,"covered":12,"skipped":0,"pct":52.17},"branches":{"total":15,"covered":0,"skipped":0,"pct":0}}
,"/home/vedric/projets/fullstack/blessp/server/src/core/queue/email.producer.ts": {"lines":{"total":13,"covered":11,"skipped":0,"pct":84.61},"functions":{"total":2,"covered":1,"skipped":0,"pct":50},"statements":{"total":13,"covered":11,"skipped":0,"pct":84.61},"branches":{"total":1,"covered":1,"skipped":0,"pct":100}}
,"/home/vedric/projets/fullstack/blessp/server/src/core/queue/email.worker.ts": {"lines":{"total":23,"covered":0,"skipped":0,"pct":0},"functions":{"total":5,"covered":0,"skipped":0,"pct":0},"statements":{"total":23,"covered":0,"skipped":0,"pct":0},"branches":{"total":2,"covered":0,"skipped":0,"pct":0}}
,"/home/vedric/projets/fullstack/blessp/server/src/core/queue/queue.client.ts": {"lines":{"total":15,"covered":0,"skipped":0,"pct":0},"functions":{"total":2,"covered":0,"skipped":0,"pct":0},"statements":{"total":16,"covered":0,"skipped":0,"pct":0},"branches":{"total":3,"covered":0,"skipped":0,"pct":0}}
,"/home/vedric/projets/fullstack/blessp/server/src/core/security/hash.service.ts": {"lines":{"total":4,"covered":4,"skipped":0,"pct":100},"functions":{"total":2,"covered":2,"skipped":0,"pct":100},"statements":{"total":4,"covered":4,"skipped":0,"pct":100},"branches":{"total":0,"covered":0,"skipped":0,"pct":100}}
,"/home/vedric/projets/fullstack/blessp/server/src/core/security/secrets.ts": {"lines":{"total":21,"covered":19,"skipped":0,"pct":90.47},"functions":{"total":4,"covered":4,"skipped":0,"pct":100},"statements":{"total":28,"covered":25,"skipped":0,"pct":89.28},"branches":{"total":5,"covered":4,"skipped":0,"pct":80}}
,"/home/vedric/projets/fullstack/blessp/server/src/core/security/token.service.ts": {"lines":{"total":38,"covered":34,"skipped":0,"pct":89.47},"functions":{"total":8,"covered":8,"skipped":0,"pct":100},"statements":{"total":38,"covered":34,"skipped":0,"pct":89.47},"branches":{"total":6,"covered":3,"skipped":0,"pct":50}}
,"/home/vedric/projets/fullstack/blessp/server/src/core/storefront/router.ts": {"lines":{"total":74,"covered":73,"skipped":0,"pct":98.64},"functions":{"total":16,"covered":16,"skipped":0,"pct":100},"statements":{"total":85,"covered":84,"skipped":0,"pct":98.82},"branches":{"total":55,"covered":52,"skipped":0,"pct":94.54}}
,"/home/vedric/projets/fullstack/blessp/server/src/core/types/pagination.ts": {"lines":{"total":14,"covered":0,"skipped":0,"pct":0},"functions":{"total":3,"covered":0,"skipped":0,"pct":0},"statements":{"total":17,"covered":0,"skipped":0,"pct":0},"branches":{"total":9,"covered":0,"skipped":0,"pct":0}}
,"/home/vedric/projets/fullstack/blessp/server/src/core/types/response.ts": {"lines":{"total":12,"covered":12,"skipped":0,"pct":100},"functions":{"total":6,"covered":6,"skipped":0,"pct":100},"statements":{"total":12,"covered":12,"skipped":0,"pct":100},"branches":{"total":1,"covered":1,"skipped":0,"pct":100}}
,"/home/vedric/projets/fullstack/blessp/server/src/features/addresses/addresses.router.ts": {"lines":{"total":45,"covered":44,"skipped":0,"pct":97.77},"functions":{"total":8,"covered":7,"skipped":0,"pct":87.5},"statements":{"total":51,"covered":50,"skipped":0,"pct":98.03},"branches":{"total":8,"covered":7,"skipped":0,"pct":87.5}}
,"/home/vedric/projets/fullstack/blessp/server/src/features/analytics/analytics.controller.ts": {"lines":{"total":30,"covered":26,"skipped":0,"pct":86.66},"functions":{"total":5,"covered":5,"skipped":0,"pct":100},"statements":{"total":30,"covered":26,"skipped":0,"pct":86.66},"branches":{"total":7,"covered":5,"skipped":0,"pct":71.42}}
,"/home/vedric/projets/fullstack/blessp/server/src/features/analytics/analytics.repository.ts": {"lines":{"total":38,"covered":35,"skipped":0,"pct":92.1},"functions":{"total":7,"covered":6,"skipped":0,"pct":85.71},"statements":{"total":41,"covered":38,"skipped":0,"pct":92.68},"branches":{"total":25,"covered":16,"skipped":0,"pct":64}}
,"/home/vedric/projets/fullstack/blessp/server/src/features/analytics/analytics.router.ts": {"lines":{"total":17,"covered":17,"skipped":0,"pct":100},"functions":{"total":0,"covered":0,"skipped":0,"pct":100},"statements":{"total":17,"covered":17,"skipped":0,"pct":100},"branches":{"total":0,"covered":0,"skipped":0,"pct":100}}
,"/home/vedric/projets/fullstack/blessp/server/src/features/analytics/analytics.service.ts": {"lines":{"total":10,"covered":10,"skipped":0,"pct":100},"functions":{"total":5,"covered":5,"skipped":0,"pct":100},"statements":{"total":10,"covered":10,"skipped":0,"pct":100},"branches":{"total":2,"covered":2,"skipped":0,"pct":100}}
,"/home/vedric/projets/fullstack/blessp/server/src/features/auth/auth.controller.ts": {"lines":{"total":88,"covered":66,"skipped":0,"pct":75},"functions":{"total":12,"covered":9,"skipped":0,"pct":75},"statements":{"total":88,"covered":66,"skipped":0,"pct":75},"branches":{"total":6,"covered":2,"skipped":0,"pct":33.33}}
,"/home/vedric/projets/fullstack/blessp/server/src/features/auth/auth.emails.ts": {"lines":{"total":9,"covered":4,"skipped":0,"pct":44.44},"functions":{"total":2,"covered":0,"skipped":0,"pct":0},"statements":{"total":9,"covered":4,"skipped":0,"pct":44.44},"branches":{"total":6,"covered":0,"skipped":0,"pct":0}}
,"/home/vedric/projets/fullstack/blessp/server/src/features/auth/auth.repository.ts": {"lines":{"total":32,"covered":25,"skipped":0,"pct":78.12},"functions":{"total":14,"covered":9,"skipped":0,"pct":64.28},"statements":{"total":35,"covered":26,"skipped":0,"pct":74.28},"branches":{"total":5,"covered":3,"skipped":0,"pct":60}}
,"/home/vedric/projets/fullstack/blessp/server/src/features/auth/auth.router.ts": {"lines":{"total":38,"covered":38,"skipped":0,"pct":100},"functions":{"total":0,"covered":0,"skipped":0,"pct":100},"statements":{"total":38,"covered":38,"skipped":0,"pct":100},"branches":{"total":0,"covered":0,"skipped":0,"pct":100}}
,"/home/vedric/projets/fullstack/blessp/server/src/features/auth/auth.schema.ts": {"lines":{"total":10,"covered":10,"skipped":0,"pct":100},"functions":{"total":0,"covered":0,"skipped":0,"pct":100},"statements":{"total":10,"covered":10,"skipped":0,"pct":100},"branches":{"total":0,"covered":0,"skipped":0,"pct":100}}
,"/home/vedric/projets/fullstack/blessp/server/src/features/auth/auth.service.ts": {"lines":{"total":125,"covered":117,"skipped":0,"pct":93.6},"functions":{"total":17,"covered":16,"skipped":0,"pct":94.11},"statements":{"total":133,"covered":123,"skipped":0,"pct":92.48},"branches":{"total":37,"covered":28,"skipped":0,"pct":75.67}}
,"/home/vedric/projets/fullstack/blessp/server/src/features/auth/email-verification.service.ts": {"lines":{"total":33,"covered":31,"skipped":0,"pct":93.93},"functions":{"total":5,"covered":4,"skipped":0,"pct":80},"statements":{"total":36,"covered":32,"skipped":0,"pct":88.88},"branches":{"total":10,"covered":6,"skipped":0,"pct":60}}
,"/home/vedric/projets/fullstack/blessp/server/src/features/auth/mfa.controller.ts": {"lines":{"total":45,"covered":26,"skipped":0,"pct":57.77},"functions":{"total":7,"covered":4,"skipped":0,"pct":57.14},"statements":{"total":45,"covered":26,"skipped":0,"pct":57.77},"branches":{"total":0,"covered":0,"skipped":0,"pct":100}}
,"/home/vedric/projets/fullstack/blessp/server/src/features/auth/mfa.service.ts": {"lines":{"total":155,"covered":154,"skipped":0,"pct":99.35},"functions":{"total":21,"covered":21,"skipped":0,"pct":100},"statements":{"total":175,"covered":169,"skipped":0,"pct":96.57},"branches":{"total":44,"covered":38,"skipped":0,"pct":86.36}}
,"/home/vedric/projets/fullstack/blessp/server/src/features/auth/oauth.service.ts": {"lines":{"total":48,"covered":42,"skipped":0,"pct":87.5},"functions":{"total":5,"covered":5,"skipped":0,"pct":100},"statements":{"total":52,"covered":44,"skipped":0,"pct":84.61},"branches":{"total":23,"covered":17,"skipped":0,"pct":73.91}}
,"/home/vedric/projets/fullstack/blessp/server/src/features/cart/cart.controller.ts": {"lines":{"total":38,"covered":30,"skipped":0,"pct":78.94},"functions":{"total":6,"covered":5,"skipped":0,"pct":83.33},"statements":{"total":38,"covered":30,"skipped":0,"pct":78.94},"branches":{"total":0,"covered":0,"skipped":0,"pct":100}}
,"/home/vedric/projets/fullstack/blessp/server/src/features/cart/cart.repository.ts": {"lines":{"total":8,"covered":7,"skipped":0,"pct":87.5},"functions":{"total":6,"covered":5,"skipped":0,"pct":83.33},"statements":{"total":8,"covered":7,"skipped":0,"pct":87.5},"branches":{"total":8,"covered":8,"skipped":0,"pct":100}}
,"/home/vedric/projets/fullstack/blessp/server/src/features/cart/cart.router.ts": {"lines":{"total":18,"covered":18,"skipped":0,"pct":100},"functions":{"total":0,"covered":0,"skipped":0,"pct":100},"statements":{"total":18,"covered":18,"skipped":0,"pct":100},"branches":{"total":0,"covered":0,"skipped":0,"pct":100}}
,"/home/vedric/projets/fullstack/blessp/server/src/features/cart/cart.schema.ts": {"lines":{"total":4,"covered":4,"skipped":0,"pct":100},"functions":{"total":0,"covered":0,"skipped":0,"pct":100},"statements":{"total":4,"covered":4,"skipped":0,"pct":100},"branches":{"total":0,"covered":0,"skipped":0,"pct":100}}
,"/home/vedric/projets/fullstack/blessp/server/src/features/cart/cart.service.ts": {"lines":{"total":32,"covered":31,"skipped":0,"pct":96.87},"functions":{"total":10,"covered":10,"skipped":0,"pct":100},"statements":{"total":34,"covered":33,"skipped":0,"pct":97.05},"branches":{"total":6,"covered":5,"skipped":0,"pct":83.33}}
,"/home/vedric/projets/fullstack/blessp/server/src/features/contact/contact.controller.ts": {"lines":{"total":10,"covered":10,"skipped":0,"pct":100},"functions":{"total":2,"covered":2,"skipped":0,"pct":100},"statements":{"total":10,"covered":10,"skipped":0,"pct":100},"branches":{"total":0,"covered":0,"skipped":0,"pct":100}}
,"/home/vedric/projets/fullstack/blessp/server/src/features/contact/contact.router.ts": {"lines":{"total":12,"covered":12,"skipped":0,"pct":100},"functions":{"total":1,"covered":1,"skipped":0,"pct":100},"statements":{"total":12,"covered":12,"skipped":0,"pct":100},"branches":{"total":2,"covered":1,"skipped":0,"pct":50}}
,"/home/vedric/projets/fullstack/blessp/server/src/features/contact/contact.schema.ts": {"lines":{"total":2,"covered":2,"skipped":0,"pct":100},"functions":{"total":0,"covered":0,"skipped":0,"pct":100},"statements":{"total":2,"covered":2,"skipped":0,"pct":100},"branches":{"total":0,"covered":0,"skipped":0,"pct":100}}
,"/home/vedric/projets/fullstack/blessp/server/src/features/contact/contact.service.ts": {"lines":{"total":10,"covered":10,"skipped":0,"pct":100},"functions":{"total":2,"covered":2,"skipped":0,"pct":100},"statements":{"total":10,"covered":10,"skipped":0,"pct":100},"branches":{"total":0,"covered":0,"skipped":0,"pct":100}}
,"/home/vedric/projets/fullstack/blessp/server/src/features/coupons/coupons.controller.ts": {"lines":{"total":34,"covered":30,"skipped":0,"pct":88.23},"functions":{"total":6,"covered":6,"skipped":0,"pct":100},"statements":{"total":34,"covered":30,"skipped":0,"pct":88.23},"branches":{"total":0,"covered":0,"skipped":0,"pct":100}}
,"/home/vedric/projets/fullstack/blessp/server/src/features/coupons/coupons.repository.ts": {"lines":{"total":8,"covered":7,"skipped":0,"pct":87.5},"functions":{"total":6,"covered":5,"skipped":0,"pct":83.33},"statements":{"total":8,"covered":7,"skipped":0,"pct":87.5},"branches":{"total":6,"covered":3,"skipped":0,"pct":50}}
,"/home/vedric/projets/fullstack/blessp/server/src/features/coupons/coupons.router.ts": {"lines":{"total":19,"covered":19,"skipped":0,"pct":100},"functions":{"total":1,"covered":1,"skipped":0,"pct":100},"statements":{"total":20,"covered":20,"skipped":0,"pct":100},"branches":{"total":1,"covered":1,"skipped":0,"pct":100}}
,"/home/vedric/projets/fullstack/blessp/server/src/features/coupons/coupons.schema.ts": {"lines":{"total":6,"covered":6,"skipped":0,"pct":100},"functions":{"total":0,"covered":0,"skipped":0,"pct":100},"statements":{"total":6,"covered":6,"skipped":0,"pct":100},"branches":{"total":0,"covered":0,"skipped":0,"pct":100}}
,"/home/vedric/projets/fullstack/blessp/server/src/features/coupons/coupons.service.ts": {"lines":{"total":43,"covered":43,"skipped":0,"pct":100},"functions":{"total":8,"covered":8,"skipped":0,"pct":100},"statements":{"total":45,"covered":45,"skipped":0,"pct":100},"branches":{"total":29,"covered":29,"skipped":0,"pct":100}}
,"/home/vedric/projets/fullstack/blessp/server/src/features/currency/currency.controller.ts": {"lines":{"total":8,"covered":4,"skipped":0,"pct":50},"functions":{"total":2,"covered":1,"skipped":0,"pct":50},"statements":{"total":8,"covered":4,"skipped":0,"pct":50},"branches":{"total":0,"covered":0,"skipped":0,"pct":100}}
,"/home/vedric/projets/fullstack/blessp/server/src/features/currency/currency.router.ts": {"lines":{"total":8,"covered":8,"skipped":0,"pct":100},"functions":{"total":0,"covered":0,"skipped":0,"pct":100},"statements":{"total":8,"covered":8,"skipped":0,"pct":100},"branches":{"total":0,"covered":0,"skipped":0,"pct":100}}
,"/home/vedric/projets/fullstack/blessp/server/src/features/currency/currency.service.ts": {"lines":{"total":8,"covered":8,"skipped":0,"pct":100},"functions":{"total":2,"covered":2,"skipped":0,"pct":100},"statements":{"total":9,"covered":9,"skipped":0,"pct":100},"branches":{"total":1,"covered":1,"skipped":0,"pct":100}}
,"/home/vedric/projets/fullstack/blessp/server/src/features/loyalty/loyalty.controller.ts": {"lines":{"total":24,"covered":22,"skipped":0,"pct":91.66},"functions":{"total":4,"covered":4,"skipped":0,"pct":100},"statements":{"total":24,"covered":22,"skipped":0,"pct":91.66},"branches":{"total":0,"covered":0,"skipped":0,"pct":100}}
,"/home/vedric/projets/fullstack/blessp/server/src/features/loyalty/loyalty.repository.ts": {"lines":{"total":28,"covered":18,"skipped":0,"pct":64.28},"functions":{"total":7,"covered":4,"skipped":0,"pct":57.14},"statements":{"total":30,"covered":19,"skipped":0,"pct":63.33},"branches":{"total":15,"covered":2,"skipped":0,"pct":13.33}}
,"/home/vedric/projets/fullstack/blessp/server/src/features/loyalty/loyalty.router.ts": {"lines":{"total":14,"covered":14,"skipped":0,"pct":100},"functions":{"total":0,"covered":0,"skipped":0,"pct":100},"statements":{"total":14,"covered":14,"skipped":0,"pct":100},"branches":{"total":0,"covered":0,"skipped":0,"pct":100}}
,"/home/vedric/projets/fullstack/blessp/server/src/features/loyalty/loyalty.schema.ts": {"lines":{"total":3,"covered":3,"skipped":0,"pct":100},"functions":{"total":0,"covered":0,"skipped":0,"pct":100},"statements":{"total":3,"covered":3,"skipped":0,"pct":100},"branches":{"total":0,"covered":0,"skipped":0,"pct":100}}
,"/home/vedric/projets/fullstack/blessp/server/src/features/loyalty/loyalty.service.ts": {"lines":{"total":44,"covered":43,"skipped":0,"pct":97.72},"functions":{"total":9,"covered":9,"skipped":0,"pct":100},"statements":{"total":44,"covered":43,"skipped":0,"pct":97.72},"branches":{"total":11,"covered":11,"skipped":0,"pct":100}}
,"/home/vedric/projets/fullstack/blessp/server/src/features/loyalty/loyalty.types.ts": {"lines":{"total":4,"covered":4,"skipped":0,"pct":100},"functions":{"total":0,"covered":0,"skipped":0,"pct":100},"statements":{"total":4,"covered":4,"skipped":0,"pct":100},"branches":{"total":0,"covered":0,"skipped":0,"pct":100}}
,"/home/vedric/projets/fullstack/blessp/server/src/features/newsletter/newsletter.controller.ts": {"lines":{"total":18,"covered":18,"skipped":0,"pct":100},"functions":{"total":4,"covered":4,"skipped":0,"pct":100},"statements":{"total":22,"covered":21,"skipped":0,"pct":95.45},"branches":{"total":0,"covered":0,"skipped":0,"pct":100}}
,"/home/vedric/projets/fullstack/blessp/server/src/features/newsletter/newsletter.repository.ts": {"lines":{"total":6,"covered":2,"skipped":0,"pct":33.33},"functions":{"total":4,"covered":0,"skipped":0,"pct":0},"statements":{"total":6,"covered":2,"skipped":0,"pct":33.33},"branches":{"total":0,"covered":0,"skipped":0,"pct":100}}
,"/home/vedric/projets/fullstack/blessp/server/src/features/newsletter/newsletter.router.ts": {"lines":{"total":13,"covered":13,"skipped":0,"pct":100},"functions":{"total":0,"covered":0,"skipped":0,"pct":100},"statements":{"total":13,"covered":13,"skipped":0,"pct":100},"branches":{"total":0,"covered":0,"skipped":0,"pct":100}}
,"/home/vedric/projets/fullstack/blessp/server/src/features/newsletter/newsletter.schema.ts": {"lines":{"total":3,"covered":3,"skipped":0,"pct":100},"functions":{"total":0,"covered":0,"skipped":0,"pct":100},"statements":{"total":3,"covered":3,"skipped":0,"pct":100},"branches":{"total":0,"covered":0,"skipped":0,"pct":100}}
,"/home/vedric/projets/fullstack/blessp/server/src/features/newsletter/newsletter.service.ts": {"lines":{"total":30,"covered":30,"skipped":0,"pct":100},"functions":{"total":6,"covered":6,"skipped":0,"pct":100},"statements":{"total":33,"covered":30,"skipped":0,"pct":90.9},"branches":{"total":8,"covered":4,"skipped":0,"pct":50}}
,"/home/vedric/projets/fullstack/blessp/server/src/features/orders/order.emails.ts": {"lines":{"total":15,"covered":14,"skipped":0,"pct":93.33},"functions":{"total":4,"covered":3,"skipped":0,"pct":75},"statements":{"total":15,"covered":14,"skipped":0,"pct":93.33},"branches":{"total":10,"covered":4,"skipped":0,"pct":40}}
,"/home/vedric/projets/fullstack/blessp/server/src/features/orders/orders.controller.ts": {"lines":{"total":57,"covered":54,"skipped":0,"pct":94.73},"functions":{"total":9,"covered":9,"skipped":0,"pct":100},"statements":{"total":57,"covered":54,"skipped":0,"pct":94.73},"branches":{"total":0,"covered":0,"skipped":0,"pct":100}}
,"/home/vedric/projets/fullstack/blessp/server/src/features/orders/orders.repository.ts": {"lines":{"total":33,"covered":26,"skipped":0,"pct":78.78},"functions":{"total":12,"covered":6,"skipped":0,"pct":50},"statements":{"total":33,"covered":26,"skipped":0,"pct":78.78},"branches":{"total":18,"covered":3,"skipped":0,"pct":16.66}}
,"/home/vedric/projets/fullstack/blessp/server/src/features/orders/orders.router.ts": {"lines":{"total":28,"covered":28,"skipped":0,"pct":100},"functions":{"total":0,"covered":0,"skipped":0,"pct":100},"statements":{"total":28,"covered":28,"skipped":0,"pct":100},"branches":{"total":0,"covered":0,"skipped":0,"pct":100}}
,"/home/vedric/projets/fullstack/blessp/server/src/features/orders/orders.schema.ts": {"lines":{"total":8,"covered":8,"skipped":0,"pct":100},"functions":{"total":0,"covered":0,"skipped":0,"pct":100},"statements":{"total":8,"covered":8,"skipped":0,"pct":100},"branches":{"total":0,"covered":0,"skipped":0,"pct":100}}
,"/home/vedric/projets/fullstack/blessp/server/src/features/orders/orders.service.ts": {"lines":{"total":101,"covered":98,"skipped":0,"pct":97.02},"functions":{"total":18,"covered":16,"skipped":0,"pct":88.88},"statements":{"total":121,"covered":108,"skipped":0,"pct":89.25},"branches":{"total":92,"covered":75,"skipped":0,"pct":81.52}}
,"/home/vedric/projets/fullstack/blessp/server/src/features/payments/payments.controller.ts": {"lines":{"total":63,"covered":23,"skipped":0,"pct":36.5},"functions":{"total":10,"covered":3,"skipped":0,"pct":30},"statements":{"total":63,"covered":23,"skipped":0,"pct":36.5},"branches":{"total":1,"covered":0,"skipped":0,"pct":0}}
,"/home/vedric/projets/fullstack/blessp/server/src/features/payments/payments.router.ts": {"lines":{"total":33,"covered":33,"skipped":0,"pct":100},"functions":{"total":2,"covered":2,"skipped":0,"pct":100},"statements":{"total":37,"covered":35,"skipped":0,"pct":94.59},"branches":{"total":9,"covered":5,"skipped":0,"pct":55.55}}
,"/home/vedric/projets/fullstack/blessp/server/src/features/payments/payments.schema.ts": {"lines":{"total":5,"covered":5,"skipped":0,"pct":100},"functions":{"total":0,"covered":0,"skipped":0,"pct":100},"statements":{"total":5,"covered":5,"skipped":0,"pct":100},"branches":{"total":0,"covered":0,"skipped":0,"pct":100}}
,"/home/vedric/projets/fullstack/blessp/server/src/features/payments/payments.service.ts": {"lines":{"total":189,"covered":178,"skipped":0,"pct":94.17},"functions":{"total":22,"covered":22,"skipped":0,"pct":100},"statements":{"total":211,"covered":189,"skipped":0,"pct":89.57},"branches":{"total":139,"covered":103,"skipped":0,"pct":74.1}}
,"/home/vedric/projets/fullstack/blessp/server/src/features/products/products.controller.ts": {"lines":{"total":58,"covered":48,"skipped":0,"pct":82.75},"functions":{"total":11,"covered":10,"skipped":0,"pct":90.9},"statements":{"total":58,"covered":48,"skipped":0,"pct":82.75},"branches":{"total":2,"covered":2,"skipped":0,"pct":100}}
,"/home/vedric/projets/fullstack/blessp/server/src/features/products/products.repository.ts": {"lines":{"total":32,"covered":29,"skipped":0,"pct":90.62},"functions":{"total":14,"covered":13,"skipped":0,"pct":92.85},"statements":{"total":36,"covered":33,"skipped":0,"pct":91.66},"branches":{"total":40,"covered":31,"skipped":0,"pct":77.5}}
,"/home/vedric/projets/fullstack/blessp/server/src/features/products/products.router.ts": {"lines":{"total":34,"covered":34,"skipped":0,"pct":100},"functions":{"total":0,"covered":0,"skipped":0,"pct":100},"statements":{"total":34,"covered":34,"skipped":0,"pct":100},"branches":{"total":0,"covered":0,"skipped":0,"pct":100}}
,"/home/vedric/projets/fullstack/blessp/server/src/features/products/products.schema.ts": {"lines":{"total":9,"covered":9,"skipped":0,"pct":100},"functions":{"total":6,"covered":6,"skipped":0,"pct":100},"statements":{"total":12,"covered":12,"skipped":0,"pct":100},"branches":{"total":3,"covered":1,"skipped":0,"pct":33.33}}
,"/home/vedric/projets/fullstack/blessp/server/src/features/products/products.service.ts": {"lines":{"total":87,"covered":87,"skipped":0,"pct":100},"functions":{"total":25,"covered":25,"skipped":0,"pct":100},"statements":{"total":96,"covered":96,"skipped":0,"pct":100},"branches":{"total":42,"covered":42,"skipped":0,"pct":100}}
,"/home/vedric/projets/fullstack/blessp/server/src/features/products/variants.repository.ts": {"lines":{"total":7,"covered":5,"skipped":0,"pct":71.42},"functions":{"total":5,"covered":3,"skipped":0,"pct":60},"statements":{"total":7,"covered":5,"skipped":0,"pct":71.42},"branches":{"total":4,"covered":4,"skipped":0,"pct":100}}
,"/home/vedric/projets/fullstack/blessp/server/src/features/reviews/reviews.controller.ts": {"lines":{"total":51,"covered":47,"skipped":0,"pct":92.15},"functions":{"total":8,"covered":8,"skipped":0,"pct":100},"statements":{"total":51,"covered":47,"skipped":0,"pct":92.15},"branches":{"total":4,"covered":2,"skipped":0,"pct":50}}
,"/home/vedric/projets/fullstack/blessp/server/src/features/reviews/reviews.repository.ts": {"lines":{"total":25,"covered":25,"skipped":0,"pct":100},"functions":{"total":8,"covered":8,"skipped":0,"pct":100},"statements":{"total":25,"covered":25,"skipped":0,"pct":100},"branches":{"total":9,"covered":9,"skipped":0,"pct":100}}
,"/home/vedric/projets/fullstack/blessp/server/src/features/reviews/reviews.router.ts": {"lines":{"total":20,"covered":20,"skipped":0,"pct":100},"functions":{"total":0,"covered":0,"skipped":0,"pct":100},"statements":{"total":20,"covered":20,"skipped":0,"pct":100},"branches":{"total":0,"covered":0,"skipped":0,"pct":100}}
,"/home/vedric/projets/fullstack/blessp/server/src/features/reviews/reviews.schema.ts": {"lines":{"total":6,"covered":6,"skipped":0,"pct":100},"functions":{"total":0,"covered":0,"skipped":0,"pct":100},"statements":{"total":6,"covered":6,"skipped":0,"pct":100},"branches":{"total":0,"covered":0,"skipped":0,"pct":100}}
,"/home/vedric/projets/fullstack/blessp/server/src/features/reviews/reviews.service.ts": {"lines":{"total":36,"covered":36,"skipped":0,"pct":100},"functions":{"total":10,"covered":10,"skipped":0,"pct":100},"statements":{"total":36,"covered":36,"skipped":0,"pct":100},"branches":{"total":11,"covered":11,"skipped":0,"pct":100}}
,"/home/vedric/projets/fullstack/blessp/server/src/features/users/users.controller.ts": {"lines":{"total":44,"covered":39,"skipped":0,"pct":88.63},"functions":{"total":7,"covered":7,"skipped":0,"pct":100},"statements":{"total":44,"covered":39,"skipped":0,"pct":88.63},"branches":{"total":0,"covered":0,"skipped":0,"pct":100}}
,"/home/vedric/projets/fullstack/blessp/server/src/features/users/users.repository.ts": {"lines":{"total":9,"covered":8,"skipped":0,"pct":88.88},"functions":{"total":7,"covered":6,"skipped":0,"pct":85.71},"statements":{"total":9,"covered":8,"skipped":0,"pct":88.88},"branches":{"total":6,"covered":5,"skipped":0,"pct":83.33}}
,"/home/vedric/projets/fullstack/blessp/server/src/features/users/users.router.ts": {"lines":{"total":22,"covered":22,"skipped":0,"pct":100},"functions":{"total":1,"covered":1,"skipped":0,"pct":100},"statements":{"total":24,"covered":24,"skipped":0,"pct":100},"branches":{"total":0,"covered":0,"skipped":0,"pct":100}}
,"/home/vedric/projets/fullstack/blessp/server/src/features/users/users.schema.ts": {"lines":{"total":5,"covered":5,"skipped":0,"pct":100},"functions":{"total":0,"covered":0,"skipped":0,"pct":100},"statements":{"total":5,"covered":5,"skipped":0,"pct":100},"branches":{"total":0,"covered":0,"skipped":0,"pct":100}}
,"/home/vedric/projets/fullstack/blessp/server/src/features/users/users.service.ts": {"lines":{"total":87,"covered":87,"skipped":0,"pct":100},"functions":{"total":11,"covered":11,"skipped":0,"pct":100},"statements":{"total":90,"covered":88,"skipped":0,"pct":97.77},"branches":{"total":39,"covered":33,"skipped":0,"pct":84.61}}
,"/home/vedric/projets/fullstack/blessp/server/src/features/wishlist/wishlist.controller.ts": {"lines":{"total":24,"covered":22,"skipped":0,"pct":91.66},"functions":{"total":4,"covered":4,"skipped":0,"pct":100},"statements":{"total":24,"covered":22,"skipped":0,"pct":91.66},"branches":{"total":0,"covered":0,"skipped":0,"pct":100}}
,"/home/vedric/projets/fullstack/blessp/server/src/features/wishlist/wishlist.repository.ts": {"lines":{"total":7,"covered":7,"skipped":0,"pct":100},"functions":{"total":4,"covered":4,"skipped":0,"pct":100},"statements":{"total":7,"covered":7,"skipped":0,"pct":100},"branches":{"total":0,"covered":0,"skipped":0,"pct":100}}
,"/home/vedric/projets/fullstack/blessp/server/src/features/wishlist/wishlist.router.ts": {"lines":{"total":16,"covered":16,"skipped":0,"pct":100},"functions":{"total":0,"covered":0,"skipped":0,"pct":100},"statements":{"total":16,"covered":16,"skipped":0,"pct":100},"branches":{"total":0,"covered":0,"skipped":0,"pct":100}}
,"/home/vedric/projets/fullstack/blessp/server/src/features/wishlist/wishlist.schema.ts": {"lines":{"total":3,"covered":3,"skipped":0,"pct":100},"functions":{"total":0,"covered":0,"skipped":0,"pct":100},"statements":{"total":3,"covered":3,"skipped":0,"pct":100},"branches":{"total":0,"covered":0,"skipped":0,"pct":100}}
,"/home/vedric/projets/fullstack/blessp/server/src/features/wishlist/wishlist.service.ts": {"lines":{"total":21,"covered":21,"skipped":0,"pct":100},"functions":{"total":6,"covered":6,"skipped":0,"pct":100},"statements":{"total":22,"covered":22,"skipped":0,"pct":100},"branches":{"total":5,"covered":5,"skipped":0,"pct":100}}
}
